生成启动时间为 2017/4/25 14:22:47。
     1>项目“C:\Users\Tiancheng\git\futures\Project1\Project1\Project1.vcxproj”在节点 2 上(Build 个目标)。
     1>ClCompile:
         C:\Program Files (x86)\Microsoft Visual Studio 12.0\VC\bin\x86_amd64\CL.exe /c /IC:\LTC\Apps\APR\apr\include /I"C:\Users\Tiancheng\git\futures\activemq-cpp-library-3.9.4\src\main" /Zi /nologo /W3 /WX- /sdl /O2 /Oi /GL /D _MBCS /Gm- /EHsc /MD /GS /Gy /fp:precise /Zc:wchar_t /Zc:forScope /Fo"x64\Release\\" /Fd"x64\Release\vc120.pdb" /Gd /TP /errorReport:prompt GatewayManager.cpp main.cpp
         GatewayManager.cpp
         main.cpp
       Link:
         C:\Program Files (x86)\Microsoft Visual Studio 12.0\VC\bin\x86_amd64\link.exe /ERRORREPORT:PROMPT /OUT:"C:\Users\Tiancheng\git\futures\Project1\x64\Release\Project1.exe" /NOLOGO kernel32.lib user32.lib gdi32.lib winspool.lib comdlg32.lib advapi32.lib shell32.lib ole32.lib oleaut32.lib uuid.lib odbc32.lib odbccp32.lib /MANIFEST /MANIFESTUAC:"level='asInvoker' uiAccess='false'" /manifest:embed /DEBUG /PDB:"C:\Users\Tiancheng\git\futures\Project1\x64\Release\Project1.pdb" /OPT:REF /OPT:ICF /LTCG /TLBID:1 /DYNAMICBASE /NXCOMPAT /IMPLIB:"C:\Users\Tiancheng\git\futures\Project1\x64\Release\Project1.lib" /MACHINE:X64 x64\Release\GatewayManager.obj
         x64\Release\main.obj
         x64\Release\MdCommander.obj
         x64\Release\MyMdSpi.obj
         x64\Release\MyTdSpi.obj
         x64\Release\TdCommander.obj
         x64\Release\TdHolder.obj
         x64\Release\MdHolder.obj
         正在生成代码
         已完成代码的生成
         Project1.vcxproj -> C:\Users\Tiancheng\git\futures\Project1\x64\Release\Project1.exe
     1>已完成生成项目“C:\Users\Tiancheng\git\futures\Project1\Project1\Project1.vcxproj”(Build 个目标)的操作。

生成成功。

已用时间 00:00:02.50
