生成启动时间为 2017/4/10 8:55:30。
     1>项目“C:\Users\Tiancheng\git\futures\Project1\Project1\Project1.vcxproj”在节点 2 上(Rebuild 个目标)。
     1>ClCompile:
         C:\Program Files (x86)\Microsoft Visual Studio 12.0\VC\bin\x86_amd64\CL.exe /c /Zi /nologo /W3 /WX- /sdl /Od /D _MBCS /Gm /EHsc /RTC1 /MDd /GS /fp:precise /Zc:wchar_t /Zc:forScope /Fo"x64\Debug\\" /Fd"x64\Debug\vc120.pdb" /Gd /TP /errorReport:prompt main.bak.cpp main.cpp MdSpi.cpp TdSpi.cpp MdHolder.cpp
         MdHolder.cpp
         TdSpi.cpp
         MdSpi.cpp
         main.cpp
         main.bak.cpp
         正在生成代码...
       Link:
         C:\Program Files (x86)\Microsoft Visual Studio 12.0\VC\bin\x86_amd64\link.exe /ERRORREPORT:PROMPT /OUT:"C:\Users\Tiancheng\git\futures\Project1\x64\Debug\Project1.exe" /INCREMENTAL /NOLOGO kernel32.lib user32.lib gdi32.lib winspool.lib comdlg32.lib advapi32.lib shell32.lib ole32.lib oleaut32.lib uuid.lib odbc32.lib odbccp32.lib /MANIFEST /MANIFESTUAC:"level='asInvoker' uiAccess='false'" /manifest:embed /DEBUG /PDB:"C:\Users\Tiancheng\git\futures\Project1\x64\Debug\Project1.pdb" /TLBID:1 /DYNAMICBASE /NXCOMPAT /IMPLIB:"C:\Users\Tiancheng\git\futures\Project1\x64\Debug\Project1.lib" /MACHINE:X64 x64\Debug\main.bak.obj
         x64\Debug\main.obj
         x64\Debug\MdSpi.obj
         x64\Debug\TdSpi.obj
         x64\Debug\MdHolder.obj
         Project1.vcxproj -> C:\Users\Tiancheng\git\futures\Project1\x64\Debug\Project1.exe
     1>已完成生成项目“C:\Users\Tiancheng\git\futures\Project1\Project1\Project1.vcxproj”(Rebuild 个目标)的操作。

生成成功。

已用时间 00:00:02.35
